<?xml version="1.0" encoding="UTF-8"?>
<!-- Generated by org.testng.reporters.JUnitReportReporter -->
<testsuite hostname="weboniselab" failures="0" tests="1" name="org.webonise.gofaceoff.java.CreateChallenge" time="26.433" errors="0" timestamp="17 Jan 2018 11:48:25 GMT" skipped="0">
  <testcase classname="org.webonise.gofaceoff.java.CreateChallenge" name="challengeWorld" time="26.433"/>
</testsuite> <!-- org.webonise.gofaceoff.java.CreateChallenge -->
