<?xml version="1.0" encoding="UTF-8"?>
<!-- Generated by org.testng.reporters.JUnitReportReporter -->
<testsuite hostname="weboniselab" failures="0" tests="1" name="org.webonise.gofaceoff.java.AcceptChallenge" time="25.333" errors="0" timestamp="16 Jan 2018 07:31:47 GMT" skipped="0">
  <testcase classname="org.webonise.gofaceoff.java.AcceptChallenge" name="acceptWorldChallenge" time="25.333"/>
</testsuite> <!-- org.webonise.gofaceoff.java.AcceptChallenge -->
