<?xml version="1.0" encoding="UTF-8"?>
<!-- Generated by org.testng.reporters.JUnitReportReporter -->
<testsuite hostname="weboniselab" failures="0" tests="1" name="org.webonise.gofaceoff.java.Signup" time="46.529" errors="0" timestamp="12 Jan 2018 07:33:58 GMT" skipped="0">
  <testcase classname="org.webonise.gofaceoff.java.Signup" name="verifySignupFunctionality" time="46.529"/>
</testsuite> <!-- org.webonise.gofaceoff.java.Signup -->
